This file contains any messages produced by compilers while
running configure, to aid debugging if configure makes a mistake.

It was created by 3D_CMCC_Forest_Model configure 5.5, which was
generated by GNU Autoconf 2.69.  Invocation command line was

  $ ./configure CFLAGS=-w -g -p -ggdb -ffpe-trap=invalid,zero,overflow,underflow -finit-real=snan -fbacktrace -fcheck=all -WallCPPFLAGS=-I../headers/ -I/usr/local/include/ LDFLAGS=-L/usr/local/lib/

## --------- ##
## Platform. ##
## --------- ##

hostname = vincenzo-H310-Gaming-Infinite-S-MS-B928
uname -m = x86_64
uname -r = 5.19.0-46-generic
uname -s = Linux
uname -v = #47~22.04.1-Ubuntu SMP PREEMPT_DYNAMIC Wed Jun 21 15:35:31 UTC 2

/usr/bin/uname -p = x86_64
/bin/uname -X     = unknown

/bin/arch              = x86_64
/usr/bin/arch -k       = unknown
/usr/convex/getsysinfo = unknown
/usr/bin/hostinfo      = unknown
/bin/machine           = unknown
/usr/bin/oslevel       = unknown
/bin/universe          = unknown

PATH: /usr/local/sbin
PATH: /usr/local/bin
PATH: /usr/sbin
PATH: /usr/bin
PATH: /sbin
PATH: /bin
PATH: /usr/games
PATH: /usr/local/games
PATH: /snap/bin
PATH: /snap/bin


## ----------- ##
## Core tests. ##
## ----------- ##

configure:2205: checking for a BSD-compatible install
configure:2273: result: /usr/bin/install -c
configure:2284: checking whether build environment is sane
configure:2339: result: yes
configure:2490: checking for a thread-safe mkdir -p
configure:2529: result: /usr/bin/mkdir -p
configure:2536: checking for gawk
configure:2566: result: no
configure:2536: checking for mawk
configure:2552: found /usr/bin/mawk
configure:2563: result: mawk
configure:2574: checking whether make sets $(MAKE)
configure:2596: result: yes
configure:2625: checking whether make supports nested variables
configure:2642: result: yes
configure:2818: checking for gcc
configure:2834: found /usr/bin/gcc
configure:2845: result: gcc
configure:3074: checking for C compiler version
configure:3083: gcc --version >&5
gcc (Ubuntu 11.3.0-1ubuntu1~22.04.1) 11.3.0
Copyright (C) 2021 Free Software Foundation, Inc.
This is free software; see the source for copying conditions.  There is NO
warranty; not even for MERCHANTABILITY or FITNESS FOR A PARTICULAR PURPOSE.

configure:3094: $? = 0
configure:3083: gcc -v >&5
Using built-in specs.
COLLECT_GCC=gcc
COLLECT_LTO_WRAPPER=/usr/lib/gcc/x86_64-linux-gnu/11/lto-wrapper
OFFLOAD_TARGET_NAMES=nvptx-none:amdgcn-amdhsa
OFFLOAD_TARGET_DEFAULT=1
Target: x86_64-linux-gnu
Configured with: ../src/configure -v --with-pkgversion='Ubuntu 11.3.0-1ubuntu1~22.04.1' --with-bugurl=file:///usr/share/doc/gcc-11/README.Bugs --enable-languages=c,ada,c++,go,brig,d,fortran,objc,obj-c++,m2 --prefix=/usr --with-gcc-major-version-only --program-suffix=-11 --program-prefix=x86_64-linux-gnu- --enable-shared --enable-linker-build-id --libexecdir=/usr/lib --without-included-gettext --enable-threads=posix --libdir=/usr/lib --enable-nls --enable-bootstrap --enable-clocale=gnu --enable-libstdcxx-debug --enable-libstdcxx-time=yes --with-default-libstdcxx-abi=new --enable-gnu-unique-object --disable-vtable-verify --enable-plugin --enable-default-pie --with-system-zlib --enable-libphobos-checking=release --with-target-system-zlib=auto --enable-objc-gc=auto --enable-multiarch --disable-werror --enable-cet --with-arch-32=i686 --with-abi=m64 --with-multilib-list=m32,m64,mx32 --enable-multilib --with-tune=generic --enable-offload-targets=nvptx-none=/build/gcc-11-aYxV0E/gcc-11-11.3.0/debian/tmp-nvptx/usr,amdgcn-amdhsa=/build/gcc-11-aYxV0E/gcc-11-11.3.0/debian/tmp-gcn/usr --without-cuda-driver --enable-checking=release --build=x86_64-linux-gnu --host=x86_64-linux-gnu --target=x86_64-linux-gnu --with-build-config=bootstrap-lto-lean --enable-link-serialization=2
Thread model: posix
Supported LTO compression algorithms: zlib zstd
gcc version 11.3.0 (Ubuntu 11.3.0-1ubuntu1~22.04.1) 
... rest of stderr output deleted ...
configure:3094: $? = 0
configure:3083: gcc -V >&5
gcc: error: unrecognized command-line option '-V'
gcc: fatal error: no input files
compilation terminated.
configure:3094: $? = 1
configure:3083: gcc -qversion >&5
gcc: error: unrecognized command-line option '-qversion'; did you mean '--version'?
gcc: fatal error: no input files
compilation terminated.
configure:3094: $? = 1
configure:3114: checking whether the C compiler works
configure:3136: gcc -w -g -p -ggdb -ffpe-trap=invalid,zero,overflow,underflow -finit-real=snan -fbacktrace -fcheck=all -WallCPPFLAGS=-I../headers/ -I/usr/local/include/  -L/usr/local/lib/ conftest.c  >&5
gcc: error: unrecognized command-line option '-WallCPPFLAGS=-I../headers/'
configure:3140: $? = 1
configure:3178: result: no
configure: failed program was:
| /* confdefs.h */
| #define PACKAGE_NAME "3D_CMCC_Forest_Model"
| #define PACKAGE_TARNAME "3d_cmcc_forest_model"
| #define PACKAGE_VERSION "5.5"
| #define PACKAGE_STRING "3D_CMCC_Forest_Model 5.5"
| #define PACKAGE_BUGREPORT "daniela.dalmonech@gmail.com"
| #define PACKAGE_URL ""
| #define PACKAGE "3d_cmcc_forest_model"
| #define VERSION "5.5"
| /* end confdefs.h.  */
| 
| int
| main ()
| {
| 
|   ;
|   return 0;
| }
configure:3183: error: in `/home/vincenzo/Desktop/3D-CMCC-FEM-v.5.6.regeneration':
configure:3185: error: C compiler cannot create executables
See `config.log' for more details

## ---------------- ##
## Cache variables. ##
## ---------------- ##

ac_cv_env_CC_set=
ac_cv_env_CC_value=
ac_cv_env_CFLAGS_set=set
ac_cv_env_CFLAGS_value='-w -g -p -ggdb -ffpe-trap=invalid,zero,overflow,underflow -finit-real=snan -fbacktrace -fcheck=all -WallCPPFLAGS=-I../headers/ -I/usr/local/include/'
ac_cv_env_CPPFLAGS_set=
ac_cv_env_CPPFLAGS_value=
ac_cv_env_CPP_set=
ac_cv_env_CPP_value=
ac_cv_env_LDFLAGS_set=set
ac_cv_env_LDFLAGS_value=-L/usr/local/lib/
ac_cv_env_LIBS_set=
ac_cv_env_LIBS_value=
ac_cv_env_build_alias_set=
ac_cv_env_build_alias_value=
ac_cv_env_host_alias_set=
ac_cv_env_host_alias_value=
ac_cv_env_target_alias_set=
ac_cv_env_target_alias_value=
ac_cv_path_install='/usr/bin/install -c'
ac_cv_path_mkdir=/usr/bin/mkdir
ac_cv_prog_AWK=mawk
ac_cv_prog_ac_ct_CC=gcc
ac_cv_prog_make_make_set=yes
am_cv_make_support_nested_variables=yes

## ----------------- ##
## Output variables. ##
## ----------------- ##

ACLOCAL='${SHELL} /home/vincenzo/Desktop/3D-CMCC-FEM-v.5.6.regeneration/missing aclocal-1.15'
AMDEPBACKSLASH=''
AMDEP_FALSE=''
AMDEP_TRUE=''
AMTAR='$${TAR-tar}'
AM_BACKSLASH='\'
AM_DEFAULT_V='$(AM_DEFAULT_VERBOSITY)'
AM_DEFAULT_VERBOSITY='1'
AM_V='$(V)'
AUTOCONF='${SHELL} /home/vincenzo/Desktop/3D-CMCC-FEM-v.5.6.regeneration/missing autoconf'
AUTOHEADER='${SHELL} /home/vincenzo/Desktop/3D-CMCC-FEM-v.5.6.regeneration/missing autoheader'
AUTOMAKE='${SHELL} /home/vincenzo/Desktop/3D-CMCC-FEM-v.5.6.regeneration/missing automake-1.15'
AWK='mawk'
CC='gcc'
CCDEPMODE=''
CFLAGS='-w -g -p -ggdb -ffpe-trap=invalid,zero,overflow,underflow -finit-real=snan -fbacktrace -fcheck=all -WallCPPFLAGS=-I../headers/ -I/usr/local/include/'
CPP=''
CPPFLAGS=''
CYGPATH_W='echo'
DEFS=''
DEPDIR=''
ECHO_C=''
ECHO_N='-n'
ECHO_T=''
EGREP=''
EXEEXT=''
GREP=''
INSTALL_DATA='${INSTALL} -m 644'
INSTALL_PROGRAM='${INSTALL}'
INSTALL_SCRIPT='${INSTALL}'
INSTALL_STRIP_PROGRAM='$(install_sh) -c -s'
LDFLAGS='-L/usr/local/lib/'
LIBOBJS=''
LIBS=''
LTLIBOBJS=''
MAKEINFO='${SHELL} /home/vincenzo/Desktop/3D-CMCC-FEM-v.5.6.regeneration/missing makeinfo'
MKDIR_P='/usr/bin/mkdir -p'
OBJEXT=''
PACKAGE='3d_cmcc_forest_model'
PACKAGE_BUGREPORT='daniela.dalmonech@gmail.com'
PACKAGE_NAME='3D_CMCC_Forest_Model'
PACKAGE_STRING='3D_CMCC_Forest_Model 5.5'
PACKAGE_TARNAME='3d_cmcc_forest_model'
PACKAGE_URL=''
PACKAGE_VERSION='5.5'
PATH_SEPARATOR=':'
POW_LIB=''
SET_MAKE=''
SHELL='/bin/bash'
STRIP=''
VERSION='5.5'
ac_ct_CC='gcc'
am__EXEEXT_FALSE=''
am__EXEEXT_TRUE=''
am__fastdepCC_FALSE=''
am__fastdepCC_TRUE=''
am__include=''
am__isrc=''
am__leading_dot='.'
am__nodep=''
am__quote=''
am__tar='$${TAR-tar} chof - "$$tardir"'
am__untar='$${TAR-tar} xf -'
bindir='${exec_prefix}/bin'
build_alias=''
datadir='${datarootdir}'
datarootdir='${prefix}/share'
docdir='${datarootdir}/doc/${PACKAGE_TARNAME}'
dvidir='${docdir}'
exec_prefix='NONE'
host_alias=''
htmldir='${docdir}'
includedir='${prefix}/include'
infodir='${datarootdir}/info'
install_sh='${SHELL} /home/vincenzo/Desktop/3D-CMCC-FEM-v.5.6.regeneration/install-sh'
libdir='${exec_prefix}/lib'
libexecdir='${exec_prefix}/libexec'
localedir='${datarootdir}/locale'
localstatedir='${prefix}/var'
mandir='${datarootdir}/man'
mkdir_p='$(MKDIR_P)'
oldincludedir='/usr/include'
pdfdir='${docdir}'
prefix='NONE'
program_transform_name='s,x,x,'
psdir='${docdir}'
runstatedir='${localstatedir}/run'
sbindir='${exec_prefix}/sbin'
sharedstatedir='${prefix}/com'
sysconfdir='${prefix}/etc'
target_alias=''

## ----------- ##
## confdefs.h. ##
## ----------- ##

/* confdefs.h */
#define PACKAGE_NAME "3D_CMCC_Forest_Model"
#define PACKAGE_TARNAME "3d_cmcc_forest_model"
#define PACKAGE_VERSION "5.5"
#define PACKAGE_STRING "3D_CMCC_Forest_Model 5.5"
#define PACKAGE_BUGREPORT "daniela.dalmonech@gmail.com"
#define PACKAGE_URL ""
#define PACKAGE "3d_cmcc_forest_model"
#define VERSION "5.5"

configure: exit 77

## ---------------------- ##
## Running config.status. ##
## ---------------------- ##

This file was extended by 3D_CMCC_Forest_Model config.status 5.5, which was
generated by GNU Autoconf 2.69.  Invocation command line was

  CONFIG_FILES    = 
  CONFIG_HEADERS  = 
  CONFIG_LINKS    = 
  CONFIG_COMMANDS = 
  $ ./config.status src/Makefile depfiles

on vincenzo-H310-Gaming-Infinite-S-MS-B928

config.status:873: creating src/Makefile
config.status:1102: executing depfiles commands
