This file contains any messages produced by compilers while
running configure, to aid debugging if configure makes a mistake.

It was created by 3D_CMCC_Forest_Model configure 5.5, which was
generated by GNU Autoconf 2.69.  Invocation command line was

  $ ./configure CFLAGS=-w -g -p -ggdb -ffpe-trap=invalid,zero,overflow,underflow -finit-real=snan -fbacktrace -fcheck=all -Wall CPPFLAGS=-I../headers/ -I/usr/local/include/ LDFLAGS=-L/usr/local/lib/ LIBS=-lnetcdf

## --------- ##
## Platform. ##
## --------- ##

hostname = ddalmo-VirtualBox
uname -m = x86_64
uname -r = 5.4.0-48-generic
uname -s = Linux
uname -v = #52~18.04.1-Ubuntu SMP Thu Sep 10 12:50:22 UTC 2020

/usr/bin/uname -p = unknown
/bin/uname -X     = unknown

/bin/arch              = unknown
/usr/bin/arch -k       = unknown
/usr/convex/getsysinfo = unknown
/usr/bin/hostinfo      = unknown
/bin/machine           = unknown
/usr/bin/oslevel       = unknown
/bin/universe          = unknown

PATH: /home/ddalmo/.local/bin
PATH: /usr/local/sbin
PATH: /usr/local/bin
PATH: /usr/sbin
PATH: /usr/bin
PATH: /sbin
PATH: /bin
PATH: /usr/games
PATH: /usr/local/games
PATH: /snap/bin


## ----------- ##
## Core tests. ##
## ----------- ##

configure:2205: checking for a BSD-compatible install
configure:2273: result: /usr/bin/install -c
configure:2284: checking whether build environment is sane
configure:2339: result: yes
configure:2490: checking for a thread-safe mkdir -p
configure:2529: result: /bin/mkdir -p
configure:2536: checking for gawk
configure:2566: result: no
configure:2536: checking for mawk
configure:2552: found /usr/bin/mawk
configure:2563: result: mawk
configure:2574: checking whether make sets $(MAKE)
configure:2596: result: yes
configure:2625: checking whether make supports nested variables
configure:2642: result: yes
configure:2818: checking for gcc
configure:2834: found /usr/bin/gcc
configure:2845: result: gcc
configure:3074: checking for C compiler version
configure:3083: gcc --version >&5
gcc (Ubuntu 7.5.0-3ubuntu1~18.04) 7.5.0
Copyright (C) 2017 Free Software Foundation, Inc.
This is free software; see the source for copying conditions.  There is NO
warranty; not even for MERCHANTABILITY or FITNESS FOR A PARTICULAR PURPOSE.

configure:3094: $? = 0
configure:3083: gcc -v >&5
Using built-in specs.
COLLECT_GCC=gcc
COLLECT_LTO_WRAPPER=/usr/lib/gcc/x86_64-linux-gnu/7/lto-wrapper
OFFLOAD_TARGET_NAMES=nvptx-none
OFFLOAD_TARGET_DEFAULT=1
Target: x86_64-linux-gnu
Configured with: ../src/configure -v --with-pkgversion='Ubuntu 7.5.0-3ubuntu1~18.04' --with-bugurl=file:///usr/share/doc/gcc-7/README.Bugs --enable-languages=c,ada,c++,go,brig,d,fortran,objc,obj-c++ --prefix=/usr --with-gcc-major-version-only --program-suffix=-7 --program-prefix=x86_64-linux-gnu- --enable-shared --enable-linker-build-id --libexecdir=/usr/lib --without-included-gettext --enable-threads=posix --libdir=/usr/lib --enable-nls --enable-bootstrap --enable-clocale=gnu --enable-libstdcxx-debug --enable-libstdcxx-time=yes --with-default-libstdcxx-abi=new --enable-gnu-unique-object --disable-vtable-verify --enable-libmpx --enable-plugin --enable-default-pie --with-system-zlib --with-target-system-zlib --enable-objc-gc=auto --enable-multiarch --disable-werror --with-arch-32=i686 --with-abi=m64 --with-multilib-list=m32,m64,mx32 --enable-multilib --with-tune=generic --enable-offload-targets=nvptx-none --without-cuda-driver --enable-checking=release --build=x86_64-linux-gnu --host=x86_64-linux-gnu --target=x86_64-linux-gnu
Thread model: posix
gcc version 7.5.0 (Ubuntu 7.5.0-3ubuntu1~18.04) 
configure:3094: $? = 0
configure:3083: gcc -V >&5
gcc: error: unrecognized command line option '-V'
gcc: fatal error: no input files
compilation terminated.
configure:3094: $? = 1
configure:3083: gcc -qversion >&5
gcc: error: unrecognized command line option '-qversion'; did you mean '--version'?
gcc: fatal error: no input files
compilation terminated.
configure:3094: $? = 1
configure:3114: checking whether the C compiler works
configure:3136: gcc -w -g -p -ggdb -ffpe-trap=invalid,zero,overflow,underflow -finit-real=snan -fbacktrace -fcheck=all -Wall -I../headers/ -I/usr/local/include/ -L/usr/local/lib/ conftest.c -lnetcdf >&5
configure:3140: $? = 0
configure:3188: result: yes
configure:3191: checking for C compiler default output file name
configure:3193: result: a.out
configure:3199: checking for suffix of executables
configure:3206: gcc -o conftest -w -g -p -ggdb -ffpe-trap=invalid,zero,overflow,underflow -finit-real=snan -fbacktrace -fcheck=all -Wall -I../headers/ -I/usr/local/include/ -L/usr/local/lib/ conftest.c -lnetcdf >&5
configure:3210: $? = 0
configure:3232: result: 
configure:3254: checking whether we are cross compiling
configure:3262: gcc -o conftest -w -g -p -ggdb -ffpe-trap=invalid,zero,overflow,underflow -finit-real=snan -fbacktrace -fcheck=all -Wall -I../headers/ -I/usr/local/include/ -L/usr/local/lib/ conftest.c -lnetcdf >&5
configure:3266: $? = 0
configure:3273: ./conftest
configure:3277: $? = 0
configure:3292: result: no
configure:3297: checking for suffix of object files
configure:3319: gcc -c -w -g -p -ggdb -ffpe-trap=invalid,zero,overflow,underflow -finit-real=snan -fbacktrace -fcheck=all -Wall -I../headers/ -I/usr/local/include/ conftest.c >&5
configure:3323: $? = 0
configure:3344: result: o
configure:3348: checking whether we are using the GNU C compiler
configure:3367: gcc -c -w -g -p -ggdb -ffpe-trap=invalid,zero,overflow,underflow -finit-real=snan -fbacktrace -fcheck=all -Wall -I../headers/ -I/usr/local/include/ conftest.c >&5
configure:3367: $? = 0
configure:3376: result: yes
configure:3385: checking whether gcc accepts -g
configure:3405: gcc -c -g -I../headers/ -I/usr/local/include/ conftest.c >&5
configure:3405: $? = 0
configure:3446: result: yes
configure:3463: checking for gcc option to accept ISO C89
configure:3526: gcc  -c -w -g -p -ggdb -ffpe-trap=invalid,zero,overflow,underflow -finit-real=snan -fbacktrace -fcheck=all -Wall -I../headers/ -I/usr/local/include/ conftest.c >&5
configure:3526: $? = 0
configure:3539: result: none needed
configure:3564: checking whether gcc understands -c and -o together
configure:3586: gcc -c conftest.c -o conftest2.o
configure:3589: $? = 0
configure:3586: gcc -c conftest.c -o conftest2.o
configure:3589: $? = 0
configure:3601: result: yes
configure:3629: checking for style of include used by make
configure:3657: result: GNU
configure:3683: checking dependency style of gcc
configure:3794: result: gcc3
configure:3812: checking for library containing pow
configure:3843: gcc -o conftest -w -g -p -ggdb -ffpe-trap=invalid,zero,overflow,underflow -finit-real=snan -fbacktrace -fcheck=all -Wall -I../headers/ -I/usr/local/include/ -L/usr/local/lib/ conftest.c -lnetcdf >&5
/tmp/ccOg7ajp.o: In function `main':
/home/ddalmo/FEM_MODEL/3D_CMCC_FEM/software/3D-CMCC-Forest-Model/conftest.c:22: undefined reference to `pow'
collect2: error: ld returned 1 exit status
configure:3843: $? = 1
configure: failed program was:
| /* confdefs.h */
| #define PACKAGE_NAME "3D_CMCC_Forest_Model"
| #define PACKAGE_TARNAME "3d_cmcc_forest_model"
| #define PACKAGE_VERSION "5.5"
| #define PACKAGE_STRING "3D_CMCC_Forest_Model 5.5"
| #define PACKAGE_BUGREPORT "daniela.dalmonech@gmail.com"
| #define PACKAGE_URL ""
| #define PACKAGE "3d_cmcc_forest_model"
| #define VERSION "5.5"
| /* end confdefs.h.  */
| 
| /* Override any GCC internal prototype to avoid an error.
|    Use char because int might match the return type of a GCC
|    builtin and then its argument prototype would still apply.  */
| #ifdef __cplusplus
| extern "C"
| #endif
| char pow ();
| int
| main ()
| {
| return pow ();
|   ;
|   return 0;
| }
configure:3843: gcc -o conftest -w -g -p -ggdb -ffpe-trap=invalid,zero,overflow,underflow -finit-real=snan -fbacktrace -fcheck=all -Wall -I../headers/ -I/usr/local/include/ -L/usr/local/lib/ conftest.c -lm  -lnetcdf >&5
configure:3843: $? = 0
configure:3860: result: -lm
configure:3875: checking how to run the C preprocessor
configure:3906: gcc -E -I../headers/ -I/usr/local/include/ conftest.c
configure:3906: $? = 0
configure:3920: gcc -E -I../headers/ -I/usr/local/include/ conftest.c
conftest.c:11:10: fatal error: ac_nonexistent.h: No such file or directory
 #include <ac_nonexistent.h>
          ^~~~~~~~~~~~~~~~~~
compilation terminated.
configure:3920: $? = 1
configure: failed program was:
| /* confdefs.h */
| #define PACKAGE_NAME "3D_CMCC_Forest_Model"
| #define PACKAGE_TARNAME "3d_cmcc_forest_model"
| #define PACKAGE_VERSION "5.5"
| #define PACKAGE_STRING "3D_CMCC_Forest_Model 5.5"
| #define PACKAGE_BUGREPORT "daniela.dalmonech@gmail.com"
| #define PACKAGE_URL ""
| #define PACKAGE "3d_cmcc_forest_model"
| #define VERSION "5.5"
| /* end confdefs.h.  */
| #include <ac_nonexistent.h>
configure:3945: result: gcc -E
configure:3965: gcc -E -I../headers/ -I/usr/local/include/ conftest.c
configure:3965: $? = 0
configure:3979: gcc -E -I../headers/ -I/usr/local/include/ conftest.c
conftest.c:11:10: fatal error: ac_nonexistent.h: No such file or directory
 #include <ac_nonexistent.h>
          ^~~~~~~~~~~~~~~~~~
compilation terminated.
configure:3979: $? = 1
configure: failed program was:
| /* confdefs.h */
| #define PACKAGE_NAME "3D_CMCC_Forest_Model"
| #define PACKAGE_TARNAME "3d_cmcc_forest_model"
| #define PACKAGE_VERSION "5.5"
| #define PACKAGE_STRING "3D_CMCC_Forest_Model 5.5"
| #define PACKAGE_BUGREPORT "daniela.dalmonech@gmail.com"
| #define PACKAGE_URL ""
| #define PACKAGE "3d_cmcc_forest_model"
| #define VERSION "5.5"
| /* end confdefs.h.  */
| #include <ac_nonexistent.h>
configure:4008: checking for grep that handles long lines and -e
configure:4066: result: /bin/grep
configure:4071: checking for egrep
configure:4133: result: /bin/grep -E
configure:4138: checking for ANSI C header files
configure:4158: gcc -c -w -g -p -ggdb -ffpe-trap=invalid,zero,overflow,underflow -finit-real=snan -fbacktrace -fcheck=all -Wall -I../headers/ -I/usr/local/include/ conftest.c >&5
configure:4158: $? = 0
configure:4231: gcc -o conftest -w -g -p -ggdb -ffpe-trap=invalid,zero,overflow,underflow -finit-real=snan -fbacktrace -fcheck=all -Wall -I../headers/ -I/usr/local/include/ -L/usr/local/lib/ conftest.c -lm -lnetcdf >&5
configure:4231: $? = 0
configure:4231: ./conftest
configure:4231: $? = 0
configure:4242: result: yes
configure:4255: checking for sys/types.h
configure:4255: gcc -c -w -g -p -ggdb -ffpe-trap=invalid,zero,overflow,underflow -finit-real=snan -fbacktrace -fcheck=all -Wall -I../headers/ -I/usr/local/include/ conftest.c >&5
configure:4255: $? = 0
configure:4255: result: yes
configure:4255: checking for sys/stat.h
configure:4255: gcc -c -w -g -p -ggdb -ffpe-trap=invalid,zero,overflow,underflow -finit-real=snan -fbacktrace -fcheck=all -Wall -I../headers/ -I/usr/local/include/ conftest.c >&5
configure:4255: $? = 0
configure:4255: result: yes
configure:4255: checking for stdlib.h
configure:4255: gcc -c -w -g -p -ggdb -ffpe-trap=invalid,zero,overflow,underflow -finit-real=snan -fbacktrace -fcheck=all -Wall -I../headers/ -I/usr/local/include/ conftest.c >&5
configure:4255: $? = 0
configure:4255: result: yes
configure:4255: checking for string.h
configure:4255: gcc -c -w -g -p -ggdb -ffpe-trap=invalid,zero,overflow,underflow -finit-real=snan -fbacktrace -fcheck=all -Wall -I../headers/ -I/usr/local/include/ conftest.c >&5
configure:4255: $? = 0
configure:4255: result: yes
configure:4255: checking for memory.h
configure:4255: gcc -c -w -g -p -ggdb -ffpe-trap=invalid,zero,overflow,underflow -finit-real=snan -fbacktrace -fcheck=all -Wall -I../headers/ -I/usr/local/include/ conftest.c >&5
configure:4255: $? = 0
configure:4255: result: yes
configure:4255: checking for strings.h
configure:4255: gcc -c -w -g -p -ggdb -ffpe-trap=invalid,zero,overflow,underflow -finit-real=snan -fbacktrace -fcheck=all -Wall -I../headers/ -I/usr/local/include/ conftest.c >&5
configure:4255: $? = 0
configure:4255: result: yes
configure:4255: checking for inttypes.h
configure:4255: gcc -c -w -g -p -ggdb -ffpe-trap=invalid,zero,overflow,underflow -finit-real=snan -fbacktrace -fcheck=all -Wall -I../headers/ -I/usr/local/include/ conftest.c >&5
configure:4255: $? = 0
configure:4255: result: yes
configure:4255: checking for stdint.h
configure:4255: gcc -c -w -g -p -ggdb -ffpe-trap=invalid,zero,overflow,underflow -finit-real=snan -fbacktrace -fcheck=all -Wall -I../headers/ -I/usr/local/include/ conftest.c >&5
configure:4255: $? = 0
configure:4255: result: yes
configure:4255: checking for unistd.h
configure:4255: gcc -c -w -g -p -ggdb -ffpe-trap=invalid,zero,overflow,underflow -finit-real=snan -fbacktrace -fcheck=all -Wall -I../headers/ -I/usr/local/include/ conftest.c >&5
configure:4255: $? = 0
configure:4255: result: yes
configure:4270: checking for stdlib.h
configure:4270: result: yes
configure:4270: checking for string.h
configure:4270: result: yes
configure:4270: checking sys/param.h usability
configure:4270: gcc -c -w -g -p -ggdb -ffpe-trap=invalid,zero,overflow,underflow -finit-real=snan -fbacktrace -fcheck=all -Wall -I../headers/ -I/usr/local/include/ conftest.c >&5
configure:4270: $? = 0
configure:4270: result: yes
configure:4270: checking sys/param.h presence
configure:4270: gcc -E -I../headers/ -I/usr/local/include/ conftest.c
configure:4270: $? = 0
configure:4270: result: yes
configure:4270: checking for sys/param.h
configure:4270: result: yes
configure:4270: checking for unistd.h
configure:4270: result: yes
configure:4270: checking math.h usability
configure:4270: gcc -c -w -g -p -ggdb -ffpe-trap=invalid,zero,overflow,underflow -finit-real=snan -fbacktrace -fcheck=all -Wall -I../headers/ -I/usr/local/include/ conftest.c >&5
configure:4270: $? = 0
configure:4270: result: yes
configure:4270: checking math.h presence
configure:4270: gcc -E -I../headers/ -I/usr/local/include/ conftest.c
configure:4270: $? = 0
configure:4270: result: yes
configure:4270: checking for math.h
configure:4270: result: yes
configure:4286: checking for stdlib.h
configure:4286: result: yes
configure:4296: checking for GNU libc compatible malloc
configure:4320: gcc -o conftest -w -g -p -ggdb -ffpe-trap=invalid,zero,overflow,underflow -finit-real=snan -fbacktrace -fcheck=all -Wall -I../headers/ -I/usr/local/include/ -L/usr/local/lib/ conftest.c -lm -lnetcdf >&5
configure:4320: $? = 0
configure:4320: ./conftest
configure:4320: $? = 0
configure:4330: result: yes
configure:4353: checking for stdlib.h
configure:4353: result: yes
configure:4363: checking for GNU libc compatible realloc
configure:4387: gcc -o conftest -w -g -p -ggdb -ffpe-trap=invalid,zero,overflow,underflow -finit-real=snan -fbacktrace -fcheck=all -Wall -I../headers/ -I/usr/local/include/ -L/usr/local/lib/ conftest.c -lm -lnetcdf >&5
configure:4387: $? = 0
configure:4387: ./conftest
configure:4387: $? = 0
configure:4397: result: yes
configure:4418: checking for working strtod
configure:4459: gcc -o conftest -w -g -p -ggdb -ffpe-trap=invalid,zero,overflow,underflow -finit-real=snan -fbacktrace -fcheck=all -Wall -I../headers/ -I/usr/local/include/ -L/usr/local/lib/ conftest.c -lm -lnetcdf >&5
configure:4459: $? = 0
configure:4459: ./conftest
configure:4459: $? = 0
configure:4469: result: yes
configure:4534: checking for atexit
configure:4534: gcc -o conftest -w -g -p -ggdb -ffpe-trap=invalid,zero,overflow,underflow -finit-real=snan -fbacktrace -fcheck=all -Wall -I../headers/ -I/usr/local/include/ -L/usr/local/lib/ conftest.c -lm -lnetcdf >&5
configure:4534: $? = 0
configure:4534: result: yes
configure:4534: checking for bzero
configure:4534: gcc -o conftest -w -g -p -ggdb -ffpe-trap=invalid,zero,overflow,underflow -finit-real=snan -fbacktrace -fcheck=all -Wall -I../headers/ -I/usr/local/include/ -L/usr/local/lib/ conftest.c -lm -lnetcdf >&5
configure:4534: $? = 0
configure:4534: result: yes
configure:4534: checking for getcwd
configure:4534: gcc -o conftest -w -g -p -ggdb -ffpe-trap=invalid,zero,overflow,underflow -finit-real=snan -fbacktrace -fcheck=all -Wall -I../headers/ -I/usr/local/include/ -L/usr/local/lib/ conftest.c -lm -lnetcdf >&5
configure:4534: $? = 0
configure:4534: result: yes
configure:4534: checking for strcspn
configure:4534: gcc -o conftest -w -g -p -ggdb -ffpe-trap=invalid,zero,overflow,underflow -finit-real=snan -fbacktrace -fcheck=all -Wall -I../headers/ -I/usr/local/include/ -L/usr/local/lib/ conftest.c -lm -lnetcdf >&5
configure:4534: $? = 0
configure:4534: result: yes
configure:4534: checking for strrchr
configure:4534: gcc -o conftest -w -g -p -ggdb -ffpe-trap=invalid,zero,overflow,underflow -finit-real=snan -fbacktrace -fcheck=all -Wall -I../headers/ -I/usr/local/include/ -L/usr/local/lib/ conftest.c -lm -lnetcdf >&5
configure:4534: $? = 0
configure:4534: result: yes
configure:4534: checking for strspn
configure:4534: gcc -o conftest -w -g -p -ggdb -ffpe-trap=invalid,zero,overflow,underflow -finit-real=snan -fbacktrace -fcheck=all -Wall -I../headers/ -I/usr/local/include/ -L/usr/local/lib/ conftest.c -lm -lnetcdf >&5
configure:4534: $? = 0
configure:4534: result: yes
configure:4534: checking for strtod
configure:4534: result: yes
configure:4534: checking for scanf
configure:4534: gcc -o conftest -w -g -p -ggdb -ffpe-trap=invalid,zero,overflow,underflow -finit-real=snan -fbacktrace -fcheck=all -Wall -I../headers/ -I/usr/local/include/ -L/usr/local/lib/ conftest.c -lm -lnetcdf >&5
configure:4534: $? = 0
configure:4534: result: yes
configure:4534: checking for pow
configure:4534: gcc -o conftest -w -g -p -ggdb -ffpe-trap=invalid,zero,overflow,underflow -finit-real=snan -fbacktrace -fcheck=all -Wall -I../headers/ -I/usr/local/include/ -L/usr/local/lib/ conftest.c -lm -lnetcdf >&5
configure:4534: $? = 0
configure:4534: result: yes
configure:4655: checking that generated files are newer than configure
configure:4661: result: done
configure:4684: creating ./config.status

## ---------------------- ##
## Running config.status. ##
## ---------------------- ##

This file was extended by 3D_CMCC_Forest_Model config.status 5.5, which was
generated by GNU Autoconf 2.69.  Invocation command line was

  CONFIG_FILES    = 
  CONFIG_HEADERS  = 
  CONFIG_LINKS    = 
  CONFIG_COMMANDS = 
  $ ./config.status 

on ddalmo-VirtualBox

config.status:873: creating Makefile
config.status:873: creating src/Makefile
config.status:873: creating config.h
config.status:1054: config.h is unchanged
config.status:1102: executing depfiles commands

## ---------------- ##
## Cache variables. ##
## ---------------- ##

ac_cv_c_compiler_gnu=yes
ac_cv_env_CC_set=
ac_cv_env_CC_value=
ac_cv_env_CFLAGS_set=set
ac_cv_env_CFLAGS_value='-w -g -p -ggdb -ffpe-trap=invalid,zero,overflow,underflow -finit-real=snan -fbacktrace -fcheck=all -Wall'
ac_cv_env_CPPFLAGS_set=set
ac_cv_env_CPPFLAGS_value='-I../headers/ -I/usr/local/include/'
ac_cv_env_CPP_set=
ac_cv_env_CPP_value=
ac_cv_env_LDFLAGS_set=set
ac_cv_env_LDFLAGS_value=-L/usr/local/lib/
ac_cv_env_LIBS_set=set
ac_cv_env_LIBS_value=-lnetcdf
ac_cv_env_build_alias_set=
ac_cv_env_build_alias_value=
ac_cv_env_host_alias_set=
ac_cv_env_host_alias_value=
ac_cv_env_target_alias_set=
ac_cv_env_target_alias_value=
ac_cv_func_atexit=yes
ac_cv_func_bzero=yes
ac_cv_func_getcwd=yes
ac_cv_func_malloc_0_nonnull=yes
ac_cv_func_pow=yes
ac_cv_func_realloc_0_nonnull=yes
ac_cv_func_scanf=yes
ac_cv_func_strcspn=yes
ac_cv_func_strrchr=yes
ac_cv_func_strspn=yes
ac_cv_func_strtod=yes
ac_cv_header_inttypes_h=yes
ac_cv_header_math_h=yes
ac_cv_header_memory_h=yes
ac_cv_header_stdc=yes
ac_cv_header_stdint_h=yes
ac_cv_header_stdlib_h=yes
ac_cv_header_string_h=yes
ac_cv_header_strings_h=yes
ac_cv_header_sys_param_h=yes
ac_cv_header_sys_stat_h=yes
ac_cv_header_sys_types_h=yes
ac_cv_header_unistd_h=yes
ac_cv_objext=o
ac_cv_path_EGREP='/bin/grep -E'
ac_cv_path_GREP=/bin/grep
ac_cv_path_install='/usr/bin/install -c'
ac_cv_path_mkdir=/bin/mkdir
ac_cv_prog_AWK=mawk
ac_cv_prog_CPP='gcc -E'
ac_cv_prog_ac_ct_CC=gcc
ac_cv_prog_cc_c89=
ac_cv_prog_cc_g=yes
ac_cv_prog_make_make_set=yes
ac_cv_search_pow=-lm
am_cv_CC_dependencies_compiler_type=gcc3
am_cv_make_support_nested_variables=yes
am_cv_prog_cc_c_o=yes

## ----------------- ##
## Output variables. ##
## ----------------- ##

ACLOCAL='${SHELL} /home/ddalmo/FEM_MODEL/3D_CMCC_FEM/software/3D-CMCC-Forest-Model/missing aclocal-1.15'
AMDEPBACKSLASH='\'
AMDEP_FALSE='#'
AMDEP_TRUE=''
AMTAR='$${TAR-tar}'
AM_BACKSLASH='\'
AM_DEFAULT_V='$(AM_DEFAULT_VERBOSITY)'
AM_DEFAULT_VERBOSITY='1'
AM_V='$(V)'
AUTOCONF='${SHELL} /home/ddalmo/FEM_MODEL/3D_CMCC_FEM/software/3D-CMCC-Forest-Model/missing autoconf'
AUTOHEADER='${SHELL} /home/ddalmo/FEM_MODEL/3D_CMCC_FEM/software/3D-CMCC-Forest-Model/missing autoheader'
AUTOMAKE='${SHELL} /home/ddalmo/FEM_MODEL/3D_CMCC_FEM/software/3D-CMCC-Forest-Model/missing automake-1.15'
AWK='mawk'
CC='gcc'
CCDEPMODE='depmode=gcc3'
CFLAGS='-w -g -p -ggdb -ffpe-trap=invalid,zero,overflow,underflow -finit-real=snan -fbacktrace -fcheck=all -Wall'
CPP='gcc -E'
CPPFLAGS='-I../headers/ -I/usr/local/include/'
CYGPATH_W='echo'
DEFS='-DHAVE_CONFIG_H'
DEPDIR='.deps'
ECHO_C=''
ECHO_N='-n'
ECHO_T=''
EGREP='/bin/grep -E'
EXEEXT=''
GREP='/bin/grep'
INSTALL_DATA='${INSTALL} -m 644'
INSTALL_PROGRAM='${INSTALL}'
INSTALL_SCRIPT='${INSTALL}'
INSTALL_STRIP_PROGRAM='$(install_sh) -c -s'
LDFLAGS='-L/usr/local/lib/'
LIBOBJS=''
LIBS='-lm -lnetcdf'
LTLIBOBJS=''
MAKEINFO='${SHELL} /home/ddalmo/FEM_MODEL/3D_CMCC_FEM/software/3D-CMCC-Forest-Model/missing makeinfo'
MKDIR_P='/bin/mkdir -p'
OBJEXT='o'
PACKAGE='3d_cmcc_forest_model'
PACKAGE_BUGREPORT='daniela.dalmonech@gmail.com'
PACKAGE_NAME='3D_CMCC_Forest_Model'
PACKAGE_STRING='3D_CMCC_Forest_Model 5.5'
PACKAGE_TARNAME='3d_cmcc_forest_model'
PACKAGE_URL=''
PACKAGE_VERSION='5.5'
PATH_SEPARATOR=':'
POW_LIB=''
SET_MAKE=''
SHELL='/bin/bash'
STRIP=''
VERSION='5.5'
ac_ct_CC='gcc'
am__EXEEXT_FALSE=''
am__EXEEXT_TRUE='#'
am__fastdepCC_FALSE='#'
am__fastdepCC_TRUE=''
am__include='include'
am__isrc=''
am__leading_dot='.'
am__nodep='_no'
am__quote=''
am__tar='$${TAR-tar} chof - "$$tardir"'
am__untar='$${TAR-tar} xf -'
bindir='${exec_prefix}/bin'
build_alias=''
datadir='${datarootdir}'
datarootdir='${prefix}/share'
docdir='${datarootdir}/doc/${PACKAGE_TARNAME}'
dvidir='${docdir}'
exec_prefix='${prefix}'
host_alias=''
htmldir='${docdir}'
includedir='${prefix}/include'
infodir='${datarootdir}/info'
install_sh='${SHELL} /home/ddalmo/FEM_MODEL/3D_CMCC_FEM/software/3D-CMCC-Forest-Model/install-sh'
libdir='${exec_prefix}/lib'
libexecdir='${exec_prefix}/libexec'
localedir='${datarootdir}/locale'
localstatedir='${prefix}/var'
mandir='${datarootdir}/man'
mkdir_p='$(MKDIR_P)'
oldincludedir='/usr/include'
pdfdir='${docdir}'
prefix='/usr/local'
program_transform_name='s,x,x,'
psdir='${docdir}'
runstatedir='${localstatedir}/run'
sbindir='${exec_prefix}/sbin'
sharedstatedir='${prefix}/com'
sysconfdir='${prefix}/etc'
target_alias=''

## ----------- ##
## confdefs.h. ##
## ----------- ##

/* confdefs.h */
#define PACKAGE_NAME "3D_CMCC_Forest_Model"
#define PACKAGE_TARNAME "3d_cmcc_forest_model"
#define PACKAGE_VERSION "5.5"
#define PACKAGE_STRING "3D_CMCC_Forest_Model 5.5"
#define PACKAGE_BUGREPORT "daniela.dalmonech@gmail.com"
#define PACKAGE_URL ""
#define PACKAGE "3d_cmcc_forest_model"
#define VERSION "5.5"
#define STDC_HEADERS 1
#define HAVE_SYS_TYPES_H 1
#define HAVE_SYS_STAT_H 1
#define HAVE_STDLIB_H 1
#define HAVE_STRING_H 1
#define HAVE_MEMORY_H 1
#define HAVE_STRINGS_H 1
#define HAVE_INTTYPES_H 1
#define HAVE_STDINT_H 1
#define HAVE_UNISTD_H 1
#define HAVE_STDLIB_H 1
#define HAVE_STRING_H 1
#define HAVE_SYS_PARAM_H 1
#define HAVE_UNISTD_H 1
#define HAVE_MATH_H 1
#define HAVE_STDLIB_H 1
#define HAVE_MALLOC 1
#define HAVE_STDLIB_H 1
#define HAVE_REALLOC 1
#define HAVE_ATEXIT 1
#define HAVE_BZERO 1
#define HAVE_GETCWD 1
#define HAVE_STRCSPN 1
#define HAVE_STRRCHR 1
#define HAVE_STRSPN 1
#define HAVE_STRTOD 1
#define HAVE_SCANF 1
#define HAVE_POW 1

configure: exit 0
